<?xml version="1.0" encoding="UTF-8"?>
<testsuite name="testScrabble" tests="5" skipped="0" failures="0" errors="0" timestamp="2016-09-07T22:31:52" hostname="epicodus-12.local" time="0.002">
  <properties/>
  <testcase name="score_wordAddsUpCorrectly_int" classname="testScrabble" time="0.001"/>
  <testcase name="score_valueOneLettersEqualOne_int" classname="testScrabble" time="0.0"/>
  <testcase name="score_aIsOne_int" classname="testScrabble" time="0.0"/>
  <testcase name="score_valueTwoLettersEqualTwo_int" classname="testScrabble" time="0.0"/>
  <testcase name="score_wordAddsUpToTwenty_int" classname="testScrabble" time="0.0"/>
  <system-out><![CDATA[]]></system-out>
  <system-err><![CDATA[]]></system-err>
</testsuite>
